[16:38:59] [ServerMain/INFO]: Environment: Environment[sessionHost=https://sessionserver.mojang.com, servicesHost=https://api.minecraftservices.com, name=PROD]
[16:39:00] [ServerMain/WARN]: Missing data pack fabric
[16:39:00] [ServerMain/WARN]: Missing data pack axiom
[16:39:00] [ServerMain/WARN]: Missing data pack fabric-convention-tags-v2
[16:39:02] [ServerMain/INFO]: Loaded 1290 recipes
[16:39:03] [ServerMain/INFO]: Loaded 1399 advancements
[16:39:03] [Server thread/INFO]: Starting minecraft server version 1.21.1
[16:39:03] [Server thread/INFO]: Loading properties
[16:39:03] [Server thread/INFO]: Default game type: SURVIVAL
[16:39:03] [Server thread/INFO]: Generating keypair
[16:39:04] [Server thread/INFO]: Starting Minecraft server on *:25565
[16:39:04] [Server thread/INFO]: Using epoll channel type
[16:39:04] [Server thread/WARN]: **** SERVER IS RUNNING IN OFFLINE/INSECURE MODE!
[16:39:04] [Server thread/WARN]: The server will make no attempt to authenticate usernames. Beware.
[16:39:04] [Server thread/WARN]: While this makes the game possible to play without internet access, it also opens up the ability for hackers to connect with any username they choose.
[16:39:04] [Server thread/WARN]: To change this, set "online-mode" to "true" in the server.properties file.
[16:39:04] [Server thread/INFO]: Preparing level "world"
[16:39:13] [Server thread/INFO]: Preparing start region for dimension minecraft:overworld
[16:39:13] [Worker-Main-1/INFO]: Preparing spawn area: 0%
[16:39:13] [Worker-Main-1/INFO]: Preparing spawn area: 0%
[16:39:14] [Server thread/INFO]: Time elapsed: 1030 ms
[16:39:14] [Server thread/INFO]: Done (9.757s)! For help, type "help"
[16:40:22] [Server thread/INFO]: theHULK[/172.17.0.1:50922] logged in with entity id 10 at (19611.5, 88.0, 10762.5)
[16:40:22] [Server thread/INFO]: theHULK joined the game
[16:40:28] [Server thread/INFO]: [theHULK: Set own game mode to Creative Mode]
[16:41:03] [Server thread/INFO]: theHULK lost connection: Disconnected
[16:41:03] [Server thread/INFO]: theHULK left the game
[16:41:12] [Server thread/INFO]: Stopping the server
[16:41:12] [Server thread/INFO]: Stopping server
[16:41:12] [Server thread/INFO]: Saving players
[16:41:12] [Server thread/INFO]: Saving worlds
[16:41:12] [Server thread/INFO]: Saving chunks for level 'ServerLevel[New World A4]'/minecraft:overworld
[16:41:12] [Server thread/INFO]: Saving chunks for level 'ServerLevel[New World A4]'/minecraft:the_end
[16:41:12] [Server thread/INFO]: Saving chunks for level 'ServerLevel[New World A4]'/minecraft:the_nether
[16:41:12] [Server thread/INFO]: ThreadedAnvilChunkStorage (world): All chunks are saved
[16:41:12] [Server thread/INFO]: ThreadedAnvilChunkStorage (DIM1): All chunks are saved
[16:41:12] [Server thread/INFO]: ThreadedAnvilChunkStorage (DIM-1): All chunks are saved
[16:41:12] [Server thread/INFO]: ThreadedAnvilChunkStorage: All dimensions are saved
