[17:30:03] [ServerMain/INFO]: [bootstrap] Running Java 21 (OpenJDK 64-Bit Server VM 21.0.5+11-Ubuntu-1ubuntu124.04; Ubuntu null) on Linux 6.8.0-1021-azure (amd64)
[17:30:03] [ServerMain/INFO]: [bootstrap] Loading Paper 1.21.1-132-ver/1.21.1@b48403b (2024-11-21T10:14:27Z) for Minecraft 1.21.1
[17:30:03] [ServerMain/INFO]: [PluginInitializerManager] Initializing plugins...
[17:30:03] [ServerMain/INFO]: [PluginInitializerManager] Initialized 0 plugins
[17:30:11] [ServerMain/INFO]: Environment: Environment[sessionHost=https://sessionserver.mojang.com, servicesHost=https://api.minecraftservices.com, name=PROD]
[17:30:14] [ServerMain/INFO]: Loaded 1290 recipes
[17:30:14] [ServerMain/INFO]: Loaded 1399 advancements
[17:30:14] [Server thread/INFO]: Starting minecraft server version 1.21.1
[17:30:14] [Server thread/INFO]: Loading properties
[17:30:14] [Server thread/INFO]: This server is running Paper version 1.21.1-132-ver/1.21.1@b48403b (2024-11-21T10:14:27Z) (Implementing API version 1.21.1-R0.1-SNAPSHOT)
[17:30:15] [Server thread/INFO]: [spark] This server bundles the spark profiler. For more information please visit https://docs.papermc.io/paper/profiling
[17:30:15] [Server thread/INFO]: Server Ping Player Sample Count: 12
[17:30:15] [Server thread/INFO]: Using 4 threads for Netty based IO
[17:30:17] [Server thread/INFO]: [ChunkTaskScheduler] Chunk system is using 1 I/O threads, 1 worker threads, and population gen parallelism of 1 threads
[17:30:17] [Server thread/INFO]: Default game type: SURVIVAL
[17:30:17] [Server thread/INFO]: Generating keypair
[17:30:17] [Server thread/INFO]: Starting Minecraft server on *:25565
[17:30:17] [Server thread/INFO]: Using epoll channel type
[17:30:17] [Server thread/INFO]: Paper: Using libdeflate (Linux x86_64) compression from Velocity.
[17:30:17] [Server thread/INFO]: Paper: Using OpenSSL 3.x.x (Linux x86_64) cipher from Velocity.
[17:30:17] [Server thread/INFO]: Server permissions file permissions.yml is empty, ignoring it
[17:30:17] [Server thread/WARN]: **** SERVER IS RUNNING IN OFFLINE/INSECURE MODE!
[17:30:17] [Server thread/WARN]: The server will make no attempt to authenticate usernames. Beware.
[17:30:17] [Server thread/WARN]: While this makes the game possible to play without internet access, it also opens up the ability for hackers to connect with any username they choose.
[17:30:17] [Server thread/WARN]: To change this, set "online-mode" to "true" in the server.properties file.
[17:30:17] [Server thread/INFO]: Preparing level "world"
[17:30:18] [Server thread/INFO]: Preparing start region for dimension minecraft:overworld
[17:30:21] [Server thread/INFO]: Time elapsed: 2456 ms
[17:30:21] [Server thread/INFO]: Preparing start region for dimension minecraft:the_nether
[17:30:21] [Server thread/INFO]: Time elapsed: 372 ms
[17:30:21] [Server thread/INFO]: Preparing start region for dimension minecraft:the_end
[17:30:21] [Server thread/INFO]: Time elapsed: 227 ms
[17:30:21] [Server thread/INFO]: [spark] Starting background profiler...
[17:30:22] [Server thread/INFO]: Done preparing level "world" (4.229s)
[17:30:22] [Server thread/INFO]: Running delayed init tasks
[17:30:22] [Server thread/INFO]: Done (19.911s)! For help, type "help"
[17:30:22] [Server thread/INFO]: Timings Reset
[17:32:01] [User Authenticator #0/INFO]: UUID of player theHULK is 57880c86-f36c-3a31-8f71-b7949fa31427
[17:32:04] [Server thread/INFO]: theHULK joined the game
[17:32:04] [Server thread/INFO]: theHULK[/172.17.0.1:54176] logged in with entity id 22 at ([world]-5.5, 79.0, -181.5)
[17:32:31] [Server thread/INFO]: Made theHULK a server operator
[17:32:44] [Server thread/INFO]: theHULK lost connection: Disconnected
[17:32:44] [Server thread/INFO]: theHULK left the game
[17:40:02] [Server thread/INFO]: Stopping the server
[17:40:02] [Server thread/INFO]: Stopping server
[17:40:02] [Server thread/INFO]: Saving players
[17:40:02] [Server thread/INFO]: Saving worlds
[17:40:02] [Server thread/INFO]: Saving chunks for level 'ServerLevel[world]'/minecraft:overworld
[17:40:02] [Server thread/INFO]: [ChunkHolderManager] Waiting 60s for chunk system to halt for world 'world'
[17:40:02] [Server thread/INFO]: [ChunkHolderManager] Halted chunk system for world 'world'
[17:40:02] [Server thread/INFO]: [ChunkHolderManager] Saving all chunkholders for world 'world'
[17:40:03] [Server thread/INFO]: [ChunkHolderManager] Saved 531 block chunks, 47 entity chunks, 3 poi chunks in world 'world' in 0.87s
[17:40:03] [Server thread/INFO]: Saving chunks for level 'ServerLevel[world_nether]'/minecraft:the_nether
[17:40:03] [Server thread/INFO]: [ChunkHolderManager] Waiting 60s for chunk system to halt for world 'world_nether'
[17:40:03] [Server thread/INFO]: [ChunkHolderManager] Halted chunk system for world 'world_nether'
[17:40:03] [Server thread/INFO]: [ChunkHolderManager] Saving all chunkholders for world 'world_nether'
[17:40:03] [Server thread/INFO]: [ChunkHolderManager] Saved 0 block chunks, 0 entity chunks, 0 poi chunks in world 'world_nether' in 0.00s
[17:40:03] [Server thread/INFO]: Saving chunks for level 'ServerLevel[world_the_end]'/minecraft:the_end
[17:40:03] [Server thread/INFO]: [ChunkHolderManager] Waiting 60s for chunk system to halt for world 'world_the_end'
[17:40:03] [Server thread/INFO]: [ChunkHolderManager] Halted chunk system for world 'world_the_end'
[17:40:03] [Server thread/INFO]: [ChunkHolderManager] Saving all chunkholders for world 'world_the_end'
[17:40:03] [Server thread/INFO]: [ChunkHolderManager] Saved 0 block chunks, 10 entity chunks, 0 poi chunks in world 'world_the_end' in 0.01s
[17:40:03] [Server thread/INFO]: ThreadedAnvilChunkStorage (world): All chunks are saved
[17:40:03] [Server thread/INFO]: ThreadedAnvilChunkStorage (DIM-1): All chunks are saved
[17:40:03] [Server thread/INFO]: ThreadedAnvilChunkStorage (DIM1): All chunks are saved
[17:40:03] [Server thread/INFO]: ThreadedAnvilChunkStorage: All dimensions are saved
